2025-08-20T12:48:11.288+09:00  INFO 7572 --- [k5_iot_springboot] [main] c.e.k.K5IotSpringbootApplication         : Starting K5IotSpringbootApplication using Java 17.0.12 with PID 7572 (C:\_이승아\k5_iot_springboot\build\classes\java\main started by user in C:\_이승아\k5_iot_springboot)
2025-08-20T12:48:11.290+09:00  INFO 7572 --- [k5_iot_springboot] [main] c.e.k.K5IotSpringbootApplication         : No active profile set, falling back to 1 default profile: "default"
2025-08-20T12:48:11.745+09:00  INFO 7572 --- [k5_iot_springboot] [main] .s.d.r.c.RepositoryConfigurationDelegate : Bootstrapping Spring Data JPA repositories in DEFAULT mode.
2025-08-20T12:48:11.796+09:00  INFO 7572 --- [k5_iot_springboot] [main] .s.d.r.c.RepositoryConfigurationDelegate : Finished Spring Data repository scanning in 46 ms. Found 5 JPA repository interfaces.
2025-08-20T12:48:12.060+09:00  INFO 7572 --- [k5_iot_springboot] [main] o.s.b.w.embedded.tomcat.TomcatWebServer  : Tomcat initialized with port 8080 (http)
2025-08-20T12:48:12.068+09:00  INFO 7572 --- [k5_iot_springboot] [main] o.apache.catalina.core.StandardService   : Starting service [Tomcat]
2025-08-20T12:48:12.069+09:00  INFO 7572 --- [k5_iot_springboot] [main] o.apache.catalina.core.StandardEngine    : Starting Servlet engine: [Apache Tomcat/10.1.43]
2025-08-20T12:48:12.101+09:00  INFO 7572 --- [k5_iot_springboot] [main] o.a.c.c.C.[Tomcat].[localhost].[/]       : Initializing Spring embedded WebApplicationContext
2025-08-20T12:48:12.102+09:00  INFO 7572 --- [k5_iot_springboot] [main] w.s.c.ServletWebServerApplicationContext : Root WebApplicationContext: initialization completed in 779 ms
2025-08-20T12:48:12.199+09:00  INFO 7572 --- [k5_iot_springboot] [main] o.hibernate.jpa.internal.util.LogHelper  : HHH000204: Processing PersistenceUnitInfo [name: default]
2025-08-20T12:48:12.232+09:00  INFO 7572 --- [k5_iot_springboot] [main] org.hibernate.Version                    : HHH000412: Hibernate ORM core version 6.6.22.Final
2025-08-20T12:48:12.253+09:00  INFO 7572 --- [k5_iot_springboot] [main] o.h.c.internal.RegionFactoryInitiator    : HHH000026: Second-level cache disabled
2025-08-20T12:48:12.453+09:00  INFO 7572 --- [k5_iot_springboot] [main] o.s.o.j.p.SpringPersistenceUnitInfo      : No LoadTimeWeaver setup: ignoring JPA class transformer
2025-08-20T12:48:12.476+09:00  INFO 7572 --- [k5_iot_springboot] [main] com.zaxxer.hikari.HikariDataSource       : HikariPool-1 - Starting...
2025-08-20T12:48:12.694+09:00  INFO 7572 --- [k5_iot_springboot] [main] com.zaxxer.hikari.pool.HikariPool        : HikariPool-1 - Added connection com.mysql.cj.jdbc.ConnectionImpl@64420e34
2025-08-20T12:48:12.695+09:00  INFO 7572 --- [k5_iot_springboot] [main] com.zaxxer.hikari.HikariDataSource       : HikariPool-1 - Start completed.
2025-08-20T12:48:12.754+09:00  INFO 7572 --- [k5_iot_springboot] [main] org.hibernate.orm.connections.pooling    : HHH10001005: Database info:
	Database JDBC URL [Connecting through datasource 'HikariDataSource (HikariPool-1)']
	Database driver: undefined/unknown
	Database version: 8.0.43
	Autocommit mode: undefined/unknown
	Isolation level: undefined/unknown
	Minimum pool size: undefined/unknown
	Maximum pool size: undefined/unknown
2025-08-20T12:48:13.412+09:00  INFO 7572 --- [k5_iot_springboot] [main] o.h.e.t.j.p.i.JtaPlatformInitiator       : HHH000489: No JTA platform available (set 'hibernate.transaction.jta.platform' to enable JTA platform integration)
2025-08-20T12:48:13.441+09:00  INFO 7572 --- [k5_iot_springboot] [main] j.LocalContainerEntityManagerFactoryBean : Initialized JPA EntityManagerFactory for persistence unit 'default'
2025-08-20T12:48:13.713+09:00  INFO 7572 --- [k5_iot_springboot] [main] o.s.d.j.r.query.QueryEnhancerFactory     : Hibernate is in classpath; If applicable, HQL parser will be used.
2025-08-20T12:48:14.225+09:00  WARN 7572 --- [k5_iot_springboot] [main] JpaBaseConfiguration$JpaWebConfiguration : spring.jpa.open-in-view is enabled by default. Therefore, database queries may be performed during view rendering. Explicitly configure spring.jpa.open-in-view to disable this warning
2025-08-20T12:48:14.459+09:00  INFO 7572 --- [k5_iot_springboot] [main] o.s.b.w.embedded.tomcat.TomcatWebServer  : Tomcat started on port 8080 (http) with context path '/'
2025-08-20T12:48:14.465+09:00  INFO 7572 --- [k5_iot_springboot] [main] c.e.k.K5IotSpringbootApplication         : Started K5IotSpringbootApplication in 3.468 seconds (process running for 3.81)
2025-08-20T12:48:38.053+09:00  INFO 7572 --- [k5_iot_springboot] [http-nio-8080-exec-2] o.a.c.c.C.[Tomcat].[localhost].[/]       : Initializing Spring DispatcherServlet 'dispatcherServlet'
2025-08-20T12:48:38.053+09:00  INFO 7572 --- [k5_iot_springboot] [http-nio-8080-exec-2] o.s.web.servlet.DispatcherServlet        : Initializing Servlet 'dispatcherServlet'
2025-08-20T12:48:38.055+09:00  INFO 7572 --- [k5_iot_springboot] [http-nio-8080-exec-2] o.s.web.servlet.DispatcherServlet        : Completed initialization in 2 ms
2025-08-20T12:48:50.826+09:00  WARN 7572 --- [k5_iot_springboot] [http-nio-8080-exec-3] c.e.k.handler.GlobalExceptionHandler     : Not Found: 해당 id의 게시글을 찾을 수 없습니다.
2025-08-20T12:50:12.421+09:00  INFO 7572 --- [k5_iot_springboot] [SpringApplicationShutdownHook] o.s.b.w.e.tomcat.GracefulShutdown        : Commencing graceful shutdown. Waiting for active requests to complete
2025-08-20T12:50:12.449+09:00  INFO 7572 --- [k5_iot_springboot] [tomcat-shutdown] o.s.b.w.e.tomcat.GracefulShutdown        : Graceful shutdown complete
2025-08-20T12:50:12.452+09:00  INFO 7572 --- [k5_iot_springboot] [SpringApplicationShutdownHook] j.LocalContainerEntityManagerFactoryBean : Closing JPA EntityManagerFactory for persistence unit 'default'
2025-08-20T12:50:12.453+09:00  INFO 7572 --- [k5_iot_springboot] [SpringApplicationShutdownHook] com.zaxxer.hikari.HikariDataSource       : HikariPool-1 - Shutdown initiated...
2025-08-20T12:50:12.457+09:00  INFO 7572 --- [k5_iot_springboot] [SpringApplicationShutdownHook] com.zaxxer.hikari.HikariDataSource       : HikariPool-1 - Shutdown completed.
